{"/workspaces/vectorai-vscode-plugin/src/services/dbConnector.ts": {"path":"/workspaces/vectorai-vscode-plugin/src/services/dbConnector.ts","statementMap":{"0":{"start":{"line":2,"column":0},"end":{"line":2,"column":26}},"1":{"start":{"line":5,"column":13},"end":{"line":11,"column":2}},"2":{"start":{"line":21,"column":13},"end":{"line":40,"column":2}},"3":{"start":{"line":27,"column":68},"end":{"line":39,"column":null}},"4":{"start":{"line":28,"column":19},"end":{"line":28,"column":39}},"5":{"start":{"line":29,"column":4},"end":{"line":38,"column":null}},"6":{"start":{"line":30,"column":18},"end":{"line":30,"column":77}},"7":{"start":{"line":31,"column":18},"end":{"line":31,"column":50}},"8":{"start":{"line":32,"column":6},"end":{"line":32,"column":39}},"9":{"start":{"line":34,"column":6},"end":{"line":34,"column":55}},"10":{"start":{"line":35,"column":6},"end":{"line":35,"column":16}},"11":{"start":{"line":37,"column":6},"end":{"line":37,"column":23}}},"fnMap":{"0":{"name":"(anonymous_7)","decl":{"start":{"line":27,"column":18},"end":{"line":27,"column":25}},"loc":{"start":{"line":27,"column":68},"end":{"line":39,"column":null}}},"1":{"name":"(anonymous_8)","decl":{"start":{"line":27,"column":68},"end":{"line":27,"column":null}},"loc":{"start":{"line":27,"column":68},"end":{"line":39,"column":3}}}},"branchMap":{},"s":{"0":1,"1":1,"2":1,"3":2,"4":2,"5":2,"6":2,"7":2,"8":1,"9":1,"10":1,"11":2},"f":{"0":2,"1":2},"b":{}}
}
